#-----------------------------------------------------------
# Vivado v2018.2 (64-bit)
# SW Build 2258646 on Thu Jun 14 20:03:12 MDT 2018
# IP Build 2256618 on Thu Jun 14 22:10:49 MDT 2018
# Start of session at: Thu Apr  1 01:00:38 2021
# Process ID: 12668
# Current directory: E:/Lab 9-10
# Command line: vivado.exe -gui_launcher_event rodinguilauncherevent7948 E:\Lab 9-10\Lab 9-10.xpr
# Log file: E:/Lab 9-10/vivado.log
# Journal file: E:/Lab 9-10\vivado.jou
#-----------------------------------------------------------
start_gui
open_project {E:/Lab 9-10/Lab 9-10.xpr}
INFO: [Project 1-313] Project file moved from 'F:/Lab 9-10' since last save.
CRITICAL WARNING: [Project 1-311] Could not find the file 'E:/Lab 3/Lab 3.srcs/sources_1/new/FA.vhd', nor could it be found using path 'F:/Lab 3/Lab 3.srcs/sources_1/new/FA.vhd'.
CRITICAL WARNING: [Project 1-311] Could not find the file 'E:/Lab 3/Lab 3.srcs/sources_1/new/HA.vhd', nor could it be found using path 'F:/Lab 3/Lab 3.srcs/sources_1/new/HA.vhd'.
CRITICAL WARNING: [Project 1-311] Could not find the file 'E:/Lab 5/Lab 5.srcs/sources_1/new/D_FF.vhd', nor could it be found using path 'F:/Lab 5/Lab 5.srcs/sources_1/new/D_FF.vhd'.
CRITICAL WARNING: [Project 1-311] Could not find the file 'E:/Lab 5/Lab 5.srcs/sources_1/new/Slow_clk.vhd', nor could it be found using path 'F:/Lab 5/Lab 5.srcs/sources_1/new/Slow_clk.vhd'.
Scanning sources...
Finished scanning sources
INFO: [IP_Flow 19-234] Refreshing IP repositories
INFO: [IP_Flow 19-1704] No user IP repositories specified
INFO: [IP_Flow 19-2313] Loaded Vivado IP repository 'C:/Xilinx/Vivado/2018.2/data/ip'.
open_project: Time (s): cpu = 00:00:11 ; elapsed = 00:00:05 . Memory (MB): peak = 845.828 ; gain = 99.816
update_compile_order -fileset sources_1
set_property SOURCE_SET sources_1 [get_filesets sim_1]
close [ open {E:/Lab 9-10/Lab 9-10.srcs/sim_1/new/nanoprocessor_sim.vhd} w ]
add_files -fileset sim_1 {{E:/Lab 9-10/Lab 9-10.srcs/sim_1/new/nanoprocessor_sim.vhd}}
update_compile_order -fileset sim_1
set_property top nanoprocessor_sim [get_filesets sim_1]
set_property top_lib xil_defaultlib [get_filesets sim_1]
update_compile_order -fileset sim_1
file mkdir E:/Lab 9-10/Lab 9-10.srcs/constrs_1
file mkdir E:/Lab 9-10/Lab 9-10.srcs/constrs_1
file mkdir E:/Lab 9-10/Lab 9-10.srcs/constrs_1/new
file mkdir E:/Lab 9-10/Lab 9-10.srcs/constrs_1/new
file mkdir E:/Lab 9-10/Lab 9-10.srcs/constrs_1/new
file mkdir E:/Lab 9-10/Lab 9-10.srcs/constrs_1/new
file mkdir E:/Lab 9-10/Lab 9-10.srcs/constrs_1/new
file mkdir E:/Lab 9-10/Lab 9-10.srcs/constrs_1/new
file mkdir E:/Lab 9-10/Lab 9-10.srcs/constrs_1
file mkdir {E:/Lab 9-10/Lab 9-10.srcs/constrs_1/new}
close [ open {E:/Lab 9-10/Lab 9-10.srcs/constrs_1/new/nanoprocessor_xdc.xdc} w ]
add_files -fileset constrs_1 {{E:/Lab 9-10/Lab 9-10.srcs/constrs_1/new/nanoprocessor_xdc.xdc}}
exit
INFO: [Common 17-206] Exiting Vivado at Thu Apr  1 02:55:24 2021...
